57030  2016-11-20 11:42:43,647 TRACE           tatar.tourism.mail.EmailSender  - The message to be sent:<html>
<body>
Hi Alalala,
<br>
You have registered to our app. Please don't forget your password <p style='color:green;'>123456</p>
<br>
To confirm your account please follow <a href="http://localhost:8090/vazilon/confirm?uuid=d2e365b9-5830-4ceb-af28-d24490e35501">the link</a>
<br>
Regards, Tatarstan Tourism team<br/>
</body>
</html>
57048  2016-11-20 11:42:43,665 TRACE              tatar.tourism.mail.MailUtil  - App is executed in folder /home/programmemann/IdeaProjects/Semestr/vazilon
57048  2016-11-20 11:42:43,665 TRACE              tatar.tourism.mail.MailUtil  - Properties are located at /home/programmemann/IdeaProjects/Semestr/vazilon/target/vazilon/WEB-INF/classes/emailconfig.properties
57050  2016-11-20 11:42:43,667 TRACE              tatar.tourism.mail.MailUtil  - Getting properties
57089  2016-11-20 11:42:43,706 TRACE              tatar.tourism.mail.MailUtil  - Setting up smtp session
57097  2016-11-20 11:42:43,714 TRACE              tatar.tourism.mail.MailUtil  - Formatting the new message
57159  2016-11-20 11:42:43,776 TRACE              tatar.tourism.mail.MailUtil  - Sending message
58942  2016-11-20 11:42:45,559 TRACE              tatar.tourism.mail.MailUtil  - Message successfully sent
75260  2016-11-20 11:43:01,877 TRACE           tatar.tourism.mail.EmailSender  - The message to be sent:<html>
<body>
Hi Alalala,
<br>
You have confirmed your email. Please enjoy the website!
<br>
Regards, "Wolves in the woods!<br/>
</body>
</html>
75263  2016-11-20 11:43:01,880 TRACE              tatar.tourism.mail.MailUtil  - App is executed in folder /home/programmemann/IdeaProjects/Semestr/vazilon
75263  2016-11-20 11:43:01,880 TRACE              tatar.tourism.mail.MailUtil  - Properties are located at /home/programmemann/IdeaProjects/Semestr/vazilon/target/vazilon/WEB-INF/classes/emailconfig.properties
75263  2016-11-20 11:43:01,880 TRACE              tatar.tourism.mail.MailUtil  - Getting properties
75280  2016-11-20 11:43:01,897 TRACE              tatar.tourism.mail.MailUtil  - Setting up smtp session
75286  2016-11-20 11:43:01,903 TRACE              tatar.tourism.mail.MailUtil  - Formatting the new message
75286  2016-11-20 11:43:01,903 TRACE              tatar.tourism.mail.MailUtil  - Sending message
76566  2016-11-20 11:43:03,183 TRACE              tatar.tourism.mail.MailUtil  - Message successfully sent
35929  2016-11-20 11:49:31,226 TRACE           tatar.tourism.mail.EmailSender  - The message to be sent:<html>
<body>
Hi mdmd,
<br>
You have registered to our app. Please don't forget your password <p style='color:green;'>123456</p>
<br>
To confirm your account please follow <a href="http://localhost:8090/vazilon/confirm?uuid=06302b30-ce60-4d08-824e-d00492bf68fd">the link</a>
<br>
Regards, Tatarstan Tourism team<br/>
</body>
</html>
35941  2016-11-20 11:49:31,238 TRACE              tatar.tourism.mail.MailUtil  - App is executed in folder /home/programmemann/IdeaProjects/Semestr/vazilon
35941  2016-11-20 11:49:31,238 TRACE              tatar.tourism.mail.MailUtil  - Properties are located at /home/programmemann/IdeaProjects/Semestr/vazilon/target/vazilon/WEB-INF/classes/emailconfig.properties
35941  2016-11-20 11:49:31,238 TRACE              tatar.tourism.mail.MailUtil  - Getting properties
35982  2016-11-20 11:49:31,279 TRACE              tatar.tourism.mail.MailUtil  - Setting up smtp session
35984  2016-11-20 11:49:31,281 TRACE              tatar.tourism.mail.MailUtil  - Formatting the new message
36064  2016-11-20 11:49:31,361 TRACE              tatar.tourism.mail.MailUtil  - Sending message
38910  2016-11-20 11:49:34,207 TRACE              tatar.tourism.mail.MailUtil  - Message successfully sent
57615  2016-11-20 11:49:52,912 TRACE           tatar.tourism.mail.EmailSender  - The message to be sent:<html>
<body>
Hi mdmd,
<br>
You have confirmed your email. Please enjoy the website!
<br>
Regards, "Wolves in the woods!<br/>
</body>
</html>
57615  2016-11-20 11:49:52,912 TRACE              tatar.tourism.mail.MailUtil  - App is executed in folder /home/programmemann/IdeaProjects/Semestr/vazilon
57615  2016-11-20 11:49:52,912 TRACE              tatar.tourism.mail.MailUtil  - Properties are located at /home/programmemann/IdeaProjects/Semestr/vazilon/target/vazilon/WEB-INF/classes/emailconfig.properties
57615  2016-11-20 11:49:52,912 TRACE              tatar.tourism.mail.MailUtil  - Getting properties
57628  2016-11-20 11:49:52,925 TRACE              tatar.tourism.mail.MailUtil  - Setting up smtp session
57639  2016-11-20 11:49:52,936 TRACE              tatar.tourism.mail.MailUtil  - Formatting the new message
57639  2016-11-20 11:49:52,936 TRACE              tatar.tourism.mail.MailUtil  - Sending message
61906  2016-11-20 11:49:57,203 TRACE              tatar.tourism.mail.MailUtil  - Message successfully sent
